# JRE version: Java(TM) SE Runtime Environment (14.0.2+12) (build 14.0.2+12-46)
# Java VM: Java HotSpot(TM) 64-Bit Server VM (14.0.2+12-46, mixed mode, sharing, tiered, compressed oops, g1 gc, windows-amd64)
Heap:
 garbage-first heap   total 315392K, used 72055K [0x0000000701800000, 0x0000000800000000)
  region size 1024K, 9 young (9216K), 9 survivors (9216K)
 Metaspace       used 834K, capacity 4652K, committed 4864K, reserved 1056768K
  class space    used 64K, capacity 417K, committed 512K, reserved 1048576K
GC Heap History (15 events):
Event: 3.519 GC heap before
{Heap before GC invocations=0 (full 0):
 garbage-first heap   total 262144K, used 28672K [0x0000000701800000, 0x0000000800000000)
  region size 1024K, 23 young (23552K), 0 survivors (0K)
 Metaspace       used 618K, capacity 4641K, committed 4864K, reserved 1056768K
  class space    used 60K, capacity 414K, committed 512K, reserved 1048576K
}
Event: 3.532 GC heap after
{Heap after GC invocations=1 (full 0):
 garbage-first heap   total 262144K, used 21312K [0x0000000701800000, 0x0000000800000000)
  region size 1024K, 3 young (3072K), 3 survivors (3072K)
 Metaspace       used 618K, capacity 4641K, committed 4864K, reserved 1056768K
  class space    used 60K, capacity 414K, committed 512K, reserved 1048576K
}
Event: 3.537 GC heap before
{Heap before GC invocations=1 (full 0):
 garbage-first heap   total 262144K, used 35648K [0x0000000701800000, 0x0000000800000000)
  region size 1024K, 17 young (17408K), 3 survivors (3072K)
 Metaspace       used 618K, capacity 4641K, committed 4864K, reserved 1056768K
  class space    used 60K, capacity 414K, committed 512K, reserved 1048576K
}
Event: 3.550 GC heap after
{Heap after GC invocations=2 (full 0):
 garbage-first heap   total 262144K, used 36864K [0x0000000701800000, 0x0000000800000000)
  region size 1024K, 3 young (3072K), 3 survivors (3072K)
 Metaspace       used 618K, capacity 4641K, committed 4864K, reserved 1056768K
  class space    used 60K, capacity 414K, committed 512K, reserved 1048576K
}
Event: 3.553 GC heap before
{Heap before GC invocations=2 (full 0):
 garbage-first heap   total 262144K, used 46080K [0x0000000701800000, 0x0000000800000000)
  region size 1024K, 12 young (12288K), 3 survivors (3072K)
 Metaspace       used 618K, capacity 4641K, committed 4864K, reserved 1056768K
  class space    used 60K, capacity 414K, committed 512K, reserved 1048576K
}
Event: 3.562 GC heap after
{Heap after GC invocations=3 (full 0):
 garbage-first heap   total 262144K, used 47568K [0x0000000701800000, 0x0000000800000000)
  region size 1024K, 2 young (2048K), 2 survivors (2048K)
 Metaspace       used 618K, capacity 4641K, committed 4864K, reserved 1056768K
  class space    used 60K, capacity 414K, committed 512K, reserved 1048576K
}
Event: 3.615 GC heap before
{Heap before GC invocations=3 (full 0):
 garbage-first heap   total 262144K, used 73168K [0x0000000701800000, 0x0000000800000000)
  region size 1024K, 27 young (27648K), 2 survivors (2048K)
 Metaspace       used 791K, capacity 4651K, committed 4864K, reserved 1056768K
  class space    used 63K, capacity 417K, committed 512K, reserved 1048576K
}
Event: 3.625 GC heap after
{Heap after GC invocations=4 (full 0):
 garbage-first heap   total 262144K, used 61440K [0x0000000701800000, 0x0000000800000000)
  region size 1024K, 4 young (4096K), 4 survivors (4096K)
 Metaspace       used 791K, capacity 4651K, committed 4864K, reserved 1056768K
  class space    used 63K, capacity 417K, committed 512K, reserved 1048576K
}
Event: 3.673 GC heap before
{Heap before GC invocations=4 (full 0):
 garbage-first heap   total 262144K, used 100352K [0x0000000701800000, 0x0000000800000000)
  region size 1024K, 42 young (43008K), 4 survivors (4096K)
 Metaspace       used 800K, capacity 4652K, committed 4864K, reserved 1056768K
  class space    used 64K, capacity 417K, committed 512K, reserved 1048576K
}
Event: 3.677 GC heap after
{Heap after GC invocations=5 (full 0):
 garbage-first heap   total 262144K, used 63863K [0x0000000701800000, 0x0000000800000000)
  region size 1024K, 1 young (1024K), 1 survivors (1024K)
 Metaspace       used 800K, capacity 4652K, committed 4864K, reserved 1056768K
  class space    used 64K, capacity 417K, committed 512K, reserved 1048576K
}
Event: 3.808 GC heap before
{Heap before GC invocations=5 (full 0):
 garbage-first heap   total 262144K, used 185719K [0x0000000701800000, 0x0000000800000000)
  region size 1024K, 120 young (122880K), 1 survivors (1024K)
 Metaspace       used 815K, capacity 4652K, committed 4864K, reserved 1056768K
  class space    used 64K, capacity 417K, committed 512K, reserved 1048576K
}
Event: 3.812 GC heap after
{Heap after GC invocations=6 (full 0):
 garbage-first heap   total 262144K, used 66212K [0x0000000701800000, 0x0000000800000000)
  region size 1024K, 4 young (4096K), 4 survivors (4096K)
 Metaspace       used 815K, capacity 4652K, committed 4864K, reserved 1056768K
  class space    used 64K, capacity 417K, committed 512K, reserved 1048576K
}
Event: 3.854 GC heap before
{Heap before GC invocations=6 (full 0):
 garbage-first heap   total 262144K, used 193188K [0x0000000701800000, 0x0000000800000000)
  region size 1024K, 128 young (131072K), 4 survivors (4096K)
 Metaspace       used 825K, capacity 4652K, committed 4864K, reserved 1056768K
  class space    used 64K, capacity 417K, committed 512K, reserved 1048576K
}
Event: 3.859 GC heap after
{Heap after GC invocations=7 (full 0):
 garbage-first heap   total 262144K, used 68983K [0x0000000701800000, 0x0000000800000000)
  region size 1024K, 6 young (6144K), 6 survivors (6144K)
 Metaspace       used 825K, capacity 4652K, committed 4864K, reserved 1056768K
  class space    used 64K, capacity 417K, committed 512K, reserved 1048576K
}
Event: 3.900 GC heap before
{Heap before GC invocations=7 (full 0):
 garbage-first heap   total 262144K, used 201079K [0x0000000701800000, 0x0000000800000000)
  region size 1024K, 135 young (138240K), 6 survivors (6144K)
 Metaspace       used 834K, capacity 4652K, committed 4864K, reserved 1056768K
  class space    used 64K, capacity 417K, committed 512K, reserved 1048576K
}

