# JRE version: Java(TM) SE Runtime Environment (14.0.2+12) (build 14.0.2+12-46)
# Java VM: Java HotSpot(TM) 64-Bit Server VM (14.0.2+12-46, mixed mode, sharing, tiered, compressed oops, g1 gc, windows-amd64)
Heap:
 garbage-first heap   total 615424K, used 109213K [0x0000000701800000, 0x0000000800000000)
  region size 1024K, 11 young (11264K), 11 survivors (11264K)
 Metaspace       used 845K, capacity 4652K, committed 4864K, reserved 1056768K
  class space    used 64K, capacity 417K, committed 512K, reserved 1048576K
GC Heap History (20 events):
Event: 13.831 GC heap after
{Heap after GC invocations=5 (full 0):
 garbage-first heap   total 262144K, used 83456K [0x0000000701800000, 0x0000000800000000)
  region size 1024K, 5 young (5120K), 5 survivors (5120K)
 Metaspace       used 806K, capacity 4652K, committed 4864K, reserved 1056768K
  class space    used 63K, capacity 417K, committed 512K, reserved 1048576K
}
Event: 13.874 GC heap before
{Heap before GC invocations=5 (full 0):
 garbage-first heap   total 262144K, used 135680K [0x0000000701800000, 0x0000000800000000)
  region size 1024K, 56 young (57344K), 5 survivors (5120K)
 Metaspace       used 820K, capacity 4652K, committed 4864K, reserved 1056768K
  class space    used 64K, capacity 417K, committed 512K, reserved 1048576K
}
Event: 13.879 GC heap after
{Heap after GC invocations=6 (full 0):
 garbage-first heap   total 262144K, used 86601K [0x0000000701800000, 0x0000000800000000)
  region size 1024K, 2 young (2048K), 2 survivors (2048K)
 Metaspace       used 820K, capacity 4652K, committed 4864K, reserved 1056768K
  class space    used 64K, capacity 417K, committed 512K, reserved 1048576K
}
Event: 13.965 GC heap before
{Heap before GC invocations=6 (full 0):
 garbage-first heap   total 262144K, used 178761K [0x0000000701800000, 0x0000000800000000)
  region size 1024K, 92 young (94208K), 2 survivors (2048K)
 Metaspace       used 822K, capacity 4652K, committed 4864K, reserved 1056768K
  class space    used 64K, capacity 417K, committed 512K, reserved 1048576K
}
Event: 13.969 GC heap after
{Heap after GC invocations=7 (full 0):
 garbage-first heap   total 262144K, used 88147K [0x0000000701800000, 0x0000000800000000)
  region size 1024K, 4 young (4096K), 4 survivors (4096K)
 Metaspace       used 822K, capacity 4652K, committed 4864K, reserved 1056768K
  class space    used 64K, capacity 417K, committed 512K, reserved 1048576K
}
Event: 14.025 GC heap before
{Heap before GC invocations=7 (full 0):
 garbage-first heap   total 262144K, used 188499K [0x0000000701800000, 0x0000000800000000)
  region size 1024K, 102 young (104448K), 4 survivors (4096K)
 Metaspace       used 832K, capacity 4652K, committed 4864K, reserved 1056768K
  class space    used 64K, capacity 417K, committed 512K, reserved 1048576K
}
Event: 14.030 GC heap after
{Heap after GC invocations=8 (full 0):
 garbage-first heap   total 262144K, used 90245K [0x0000000701800000, 0x0000000800000000)
  region size 1024K, 6 young (6144K), 6 survivors (6144K)
 Metaspace       used 832K, capacity 4652K, committed 4864K, reserved 1056768K
  class space    used 64K, capacity 417K, committed 512K, reserved 1048576K
}
Event: 14.069 GC heap before
{Heap before GC invocations=8 (full 0):
 garbage-first heap   total 262144K, used 197765K [0x0000000701800000, 0x0000000800000000)
  region size 1024K, 111 young (113664K), 6 survivors (6144K)
 Metaspace       used 832K, capacity 4652K, committed 4864K, reserved 1056768K
  class space    used 64K, capacity 417K, committed 512K, reserved 1048576K
}
Event: 14.075 GC heap after
{Heap after GC invocations=9 (full 0):
 garbage-first heap   total 262144K, used 92705K [0x0000000701800000, 0x0000000800000000)
  region size 1024K, 8 young (8192K), 8 survivors (8192K)
 Metaspace       used 832K, capacity 4652K, committed 4864K, reserved 1056768K
  class space    used 64K, capacity 417K, committed 512K, reserved 1048576K
}
Event: 14.109 GC heap before
{Heap before GC invocations=9 (full 0):
 garbage-first heap   total 262144K, used 205345K [0x0000000701800000, 0x0000000800000000)
  region size 1024K, 118 young (120832K), 8 survivors (8192K)
 Metaspace       used 841K, capacity 4652K, committed 4864K, reserved 1056768K
  class space    used 64K, capacity 417K, committed 512K, reserved 1048576K
}
Event: 14.118 GC heap after
{Heap after GC invocations=10 (full 0):
 garbage-first heap   total 262144K, used 95402K [0x0000000701800000, 0x0000000800000000)
  region size 1024K, 11 young (11264K), 11 survivors (11264K)
 Metaspace       used 841K, capacity 4652K, committed 4864K, reserved 1056768K
  class space    used 64K, capacity 417K, committed 512K, reserved 1048576K
}
Event: 14.152 GC heap before
{Heap before GC invocations=10 (full 0):
 garbage-first heap   total 262144K, used 210090K [0x0000000701800000, 0x0000000800000000)
  region size 1024K, 123 young (125952K), 11 survivors (11264K)
 Metaspace       used 845K, capacity 4652K, committed 4864K, reserved 1056768K
  class space    used 64K, capacity 417K, committed 512K, reserved 1048576K
}
Event: 14.161 GC heap after
{Heap after GC invocations=11 (full 0):
 garbage-first heap   total 262144K, used 97763K [0x0000000701800000, 0x0000000800000000)
  region size 1024K, 10 young (10240K), 10 survivors (10240K)
 Metaspace       used 845K, capacity 4652K, committed 4864K, reserved 1056768K
  class space    used 64K, capacity 417K, committed 512K, reserved 1048576K
}
Event: 14.196 GC heap before
{Heap before GC invocations=11 (full 0):
 garbage-first heap   total 262144K, used 214499K [0x0000000701800000, 0x0000000800000000)
  region size 1024K, 124 young (126976K), 10 survivors (10240K)
 Metaspace       used 845K, capacity 4652K, committed 4864K, reserved 1056768K
  class space    used 64K, capacity 417K, committed 512K, reserved 1048576K
}
Event: 14.205 GC heap after
{Heap after GC invocations=12 (full 0):
 garbage-first heap   total 262144K, used 100802K [0x0000000701800000, 0x0000000800000000)
  region size 1024K, 11 young (11264K), 11 survivors (11264K)
 Metaspace       used 845K, capacity 4652K, committed 4864K, reserved 1056768K
  class space    used 64K, capacity 417K, committed 512K, reserved 1048576K
}
Event: 14.240 GC heap before
{Heap before GC invocations=12 (full 0):
 garbage-first heap   total 262144K, used 216514K [0x0000000701800000, 0x0000000800000000)
  region size 1024K, 124 young (126976K), 11 survivors (11264K)
 Metaspace       used 845K, capacity 4652K, committed 4864K, reserved 1056768K
  class space    used 64K, capacity 417K, committed 512K, reserved 1048576K
}
Event: 14.249 GC heap after
{Heap after GC invocations=13 (full 0):
 garbage-first heap   total 262144K, used 103588K [0x0000000701800000, 0x0000000800000000)
  region size 1024K, 11 young (11264K), 11 survivors (11264K)
 Metaspace       used 845K, capacity 4652K, committed 4864K, reserved 1056768K
  class space    used 64K, capacity 417K, committed 512K, reserved 1048576K
}
Event: 14.285 GC heap before
{Heap before GC invocations=13 (full 0):
 garbage-first heap   total 262144K, used 220324K [0x0000000701800000, 0x0000000800000000)
  region size 1024K, 125 young (128000K), 11 survivors (11264K)
 Metaspace       used 845K, capacity 4652K, committed 4864K, reserved 1056768K
  class space    used 64K, capacity 417K, committed 512K, reserved 1048576K
}
Event: 14.294 GC heap after
{Heap after GC invocations=14 (full 0):
 garbage-first heap   total 262144K, used 106191K [0x0000000701800000, 0x0000000800000000)
  region size 1024K, 11 young (11264K), 11 survivors (11264K)
 Metaspace       used 845K, capacity 4652K, committed 4864K, reserved 1056768K
  class space    used 64K, capacity 417K, committed 512K, reserved 1048576K
}
Event: 14.329 GC heap before
{Heap before GC invocations=14 (full 0):
 garbage-first heap   total 262144K, used 221903K [0x0000000701800000, 0x0000000800000000)
  region size 1024K, 124 young (126976K), 11 survivors (11264K)
 Metaspace       used 845K, capacity 4652K, committed 4864K, reserved 1056768K
  class space    used 64K, capacity 417K, committed 512K, reserved 1048576K
}

